  iluminacion2.cpp
D:\Documentos\Semestre2023\CGI\Proyectos\Visual\CGI_Config\iluminacion2.cpp(184,24): warning C4244: 'inicializando': conversión de 'double' a 'GLfloat'; posible pérdida de datos
D:\Documentos\Semestre2023\CGI\Proyectos\Visual\CGI_Config\iluminacion2.cpp(218,16): warning C4244: 'inicializando': conversión de 'double' a 'GLfloat'; posible pérdida de datos
D:\Documentos\Semestre2023\CGI\Proyectos\Visual\CGI_Config\iluminacion2.cpp(219,19): warning C4244: 'inicializando': conversión de 'double' a 'GLfloat'; posible pérdida de datos
D:\Documentos\Semestre2023\CGI\Proyectos\Visual\CGI_Config\iluminacion2.cpp(264,90): warning C4305: 'argumento': truncamiento de 'double' a 'GLfloat'
D:\Documentos\Semestre2023\CGI\Proyectos\Visual\CGI_Config\iluminacion2.cpp(445,11): warning C4244: '=': conversión de 'double' a 'GLfloat'; posible pérdida de datos
D:\Documentos\Semestre2023\CGI\Proyectos\Visual\CGI_Config\iluminacion2.cpp(446,11): warning C4244: '=': conversión de 'double' a 'GLfloat'; posible pérdida de datos
D:\Documentos\Semestre2023\CGI\Proyectos\Visual\CGI_Config\iluminacion2.cpp(450,18): warning C4244: 'inicializando': conversión de 'double' a 'GLfloat'; posible pérdida de datos
D:\Documentos\Semestre2023\CGI\Proyectos\Visual\CGI_Config\iluminacion2.cpp(451,18): warning C4244: 'inicializando': conversión de 'double' a 'GLfloat'; posible pérdida de datos
D:\Documentos\Semestre2023\CGI\Proyectos\Visual\CGI_Config\iluminacion2.cpp(453,10): warning C4244: '=': conversión de 'double' a 'GLfloat'; posible pérdida de datos
D:\Documentos\Semestre2023\CGI\Proyectos\Visual\CGI_Config\iluminacion2.cpp(454,10): warning C4244: '=': conversión de 'double' a 'GLfloat'; posible pérdida de datos
soil2-debug.lib(SOIL2.obj) : warning LNK4075: se omite '/EDITANDCONTINUE' debido a la especificación '/OPT:ICF'
LINK : warning LNK4098: la biblioteca predeterminada'MSVCRTD' entra en conflicto con otras bibliotecas; use la biblioteca /NODEFAULTLIB:biblioteca
  Generando código
  Previous IPDB and IOBJ mismatch, fall back to full compilation.
  All 617 functions were compiled because no usable IPDB/IOBJ from previous compilation was found.
  Generación de código finalizada
soil2-debug.lib(etc1_utils.obj) : warning LNK4099: no se encontró PDB 'soil2-debug.pdb' con 'soil2-debug.lib(etc1_utils.obj)' o en 'D:\Documentos\Semestre2023\CGI\Proyectos\Visual\Release\soil2-debug.pdb'; se vinculará el objeto sin tener en cuenta información de depuración
soil2-debug.lib(image_DXT.obj) : warning LNK4099: no se encontró PDB 'soil2-debug.pdb' con 'soil2-debug.lib(image_DXT.obj)' o en 'D:\Documentos\Semestre2023\CGI\Proyectos\Visual\Release\soil2-debug.pdb'; se vinculará el objeto sin tener en cuenta información de depuración
soil2-debug.lib(image_helper.obj) : warning LNK4099: no se encontró PDB 'soil2-debug.pdb' con 'soil2-debug.lib(image_helper.obj)' o en 'D:\Documentos\Semestre2023\CGI\Proyectos\Visual\Release\soil2-debug.pdb'; se vinculará el objeto sin tener en cuenta información de depuración
soil2-debug.lib(SOIL2.obj) : warning LNK4099: no se encontró PDB '' con 'soil2-debug.lib(SOIL2.obj)' o en ''; se vinculará el objeto sin tener en cuenta información de depuración
  CGI_Config.vcxproj -> D:\Documentos\Semestre2023\CGI\Proyectos\Visual\Release\CGI_Config.exe
