  iluminacion2.cpp
D:\Documentos\Semestre2023\CGI\Proyectos\Visual\CGI_Config\iluminacion2.cpp(182,24): warning C4244: 'inicializando': conversión de 'double' a 'GLfloat'; posible pérdida de datos
D:\Documentos\Semestre2023\CGI\Proyectos\Visual\CGI_Config\iluminacion2.cpp(217,20): warning C4244: '=': conversión de 'double' a 'T'; posible pérdida de datos
          with
          [
              T=float
          ]
D:\Documentos\Semestre2023\CGI\Proyectos\Visual\CGI_Config\iluminacion2.cpp(218,20): warning C4244: '=': conversión de 'double' a 'T'; posible pérdida de datos
          with
          [
              T=float
          ]
D:\Documentos\Semestre2023\CGI\Proyectos\Visual\CGI_Config\iluminacion2.cpp(219,20): warning C4244: '=': conversión de 'double' a 'T'; posible pérdida de datos
          with
          [
              T=float
          ]
D:\Documentos\Semestre2023\CGI\Proyectos\Visual\CGI_Config\iluminacion2.cpp(414,11): warning C4244: '=': conversión de 'double' a 'GLfloat'; posible pérdida de datos
D:\Documentos\Semestre2023\CGI\Proyectos\Visual\CGI_Config\iluminacion2.cpp(415,11): warning C4244: '=': conversión de 'double' a 'GLfloat'; posible pérdida de datos
D:\Documentos\Semestre2023\CGI\Proyectos\Visual\CGI_Config\iluminacion2.cpp(419,18): warning C4244: 'inicializando': conversión de 'double' a 'GLfloat'; posible pérdida de datos
D:\Documentos\Semestre2023\CGI\Proyectos\Visual\CGI_Config\iluminacion2.cpp(420,18): warning C4244: 'inicializando': conversión de 'double' a 'GLfloat'; posible pérdida de datos
D:\Documentos\Semestre2023\CGI\Proyectos\Visual\CGI_Config\iluminacion2.cpp(422,10): warning C4244: '=': conversión de 'double' a 'GLfloat'; posible pérdida de datos
D:\Documentos\Semestre2023\CGI\Proyectos\Visual\CGI_Config\iluminacion2.cpp(423,10): warning C4244: '=': conversión de 'double' a 'GLfloat'; posible pérdida de datos
  CGI_Config.vcxproj -> D:\Documentos\Semestre2023\CGI\Proyectos\Visual\Debug\CGI_Config.exe
